2020-11-22 00:59:07,058 ERROR 79177 nodejs.ClusterClientNoResponseError: client no response in 335238ms exceeding maxIdleTime 60000ms, maybe the connection is close on other side.
    at Timeout._onTimeout (/Users/yangyong/Desktop/me/demo/egg-step/node_modules/cluster-client/lib/leader.js:77:23)
    at listOnTimeout (internal/timers.js:554:17)
    at processTimers (internal/timers.js:497:7)
name: "ClusterClientNoResponseError"
pid: 79177
hostname: yangyongdeMacBook-Pro.local

2020-11-22 01:09:56,079 ERROR 79177 nodejs.ClusterClientNoResponseError: client no response in 488966ms exceeding maxIdleTime 60000ms, maybe the connection is close on other side.
    at Timeout._onTimeout (/Users/yangyong/Desktop/me/demo/egg-step/node_modules/cluster-client/lib/leader.js:77:23)
    at listOnTimeout (internal/timers.js:554:17)
    at processTimers (internal/timers.js:497:7)
name: "ClusterClientNoResponseError"
pid: 79177
hostname: yangyongdeMacBook-Pro.local

2020-11-22 01:42:56,824 ERROR 79177 nodejs.ClusterClientNoResponseError: client no response in 1940733ms exceeding maxIdleTime 60000ms, maybe the connection is close on other side.
    at Timeout._onTimeout (/Users/yangyong/Desktop/me/demo/egg-step/node_modules/cluster-client/lib/leader.js:77:23)
    at listOnTimeout (internal/timers.js:554:17)
    at processTimers (internal/timers.js:497:7)
name: "ClusterClientNoResponseError"
pid: 79177
hostname: yangyongdeMacBook-Pro.local

2020-11-22 02:16:00,821 ERROR 79177 nodejs.ClusterClientNoResponseError: client no response in 1943971ms exceeding maxIdleTime 60000ms, maybe the connection is close on other side.
    at Timeout._onTimeout (/Users/yangyong/Desktop/me/demo/egg-step/node_modules/cluster-client/lib/leader.js:77:23)
    at listOnTimeout (internal/timers.js:554:17)
    at processTimers (internal/timers.js:497:7)
name: "ClusterClientNoResponseError"
pid: 79177
hostname: yangyongdeMacBook-Pro.local

2020-11-22 03:34:23,812 ERROR 79177 nodejs.ClusterClientNoResponseError: client no response in 4662975ms exceeding maxIdleTime 60000ms, maybe the connection is close on other side.
    at Timeout._onTimeout (/Users/yangyong/Desktop/me/demo/egg-step/node_modules/cluster-client/lib/leader.js:77:23)
    at listOnTimeout (internal/timers.js:554:17)
    at processTimers (internal/timers.js:497:7)
name: "ClusterClientNoResponseError"
pid: 79177
hostname: yangyongdeMacBook-Pro.local

2020-11-22 05:22:31,807 ERROR 79177 nodejs.ClusterClientNoResponseError: client no response in 6447968ms exceeding maxIdleTime 60000ms, maybe the connection is close on other side.
    at Timeout._onTimeout (/Users/yangyong/Desktop/me/demo/egg-step/node_modules/cluster-client/lib/leader.js:77:23)
    at listOnTimeout (internal/timers.js:554:17)
    at processTimers (internal/timers.js:497:7)
name: "ClusterClientNoResponseError"
pid: 79177
hostname: yangyongdeMacBook-Pro.local

2020-11-22 06:29:14,762 ERROR 79177 nodejs.ClusterClientNoResponseError: client no response in 3962958ms exceeding maxIdleTime 60000ms, maybe the connection is close on other side.
    at Timeout._onTimeout (/Users/yangyong/Desktop/me/demo/egg-step/node_modules/cluster-client/lib/leader.js:77:23)
    at listOnTimeout (internal/timers.js:554:17)
    at processTimers (internal/timers.js:497:7)
name: "ClusterClientNoResponseError"
pid: 79177
hostname: yangyongdeMacBook-Pro.local

2020-11-22 06:36:06,795 ERROR 79177 nodejs.ClusterClientNoResponseError: client no response in 312015ms exceeding maxIdleTime 60000ms, maybe the connection is close on other side.
    at Timeout._onTimeout (/Users/yangyong/Desktop/me/demo/egg-step/node_modules/cluster-client/lib/leader.js:77:23)
    at listOnTimeout (internal/timers.js:554:17)
    at processTimers (internal/timers.js:497:7)
name: "ClusterClientNoResponseError"
pid: 79177
hostname: yangyongdeMacBook-Pro.local

2020-11-22 07:09:10,739 ERROR 79177 nodejs.ClusterClientNoResponseError: client no response in 1943930ms exceeding maxIdleTime 60000ms, maybe the connection is close on other side.
    at Timeout._onTimeout (/Users/yangyong/Desktop/me/demo/egg-step/node_modules/cluster-client/lib/leader.js:77:23)
    at listOnTimeout (internal/timers.js:554:17)
    at processTimers (internal/timers.js:497:7)
name: "ClusterClientNoResponseError"
pid: 79177
hostname: yangyongdeMacBook-Pro.local

2020-11-22 07:47:43,731 ERROR 79177 nodejs.ClusterClientNoResponseError: client no response in 2272981ms exceeding maxIdleTime 60000ms, maybe the connection is close on other side.
    at Timeout._onTimeout (/Users/yangyong/Desktop/me/demo/egg-step/node_modules/cluster-client/lib/leader.js:77:23)
    at listOnTimeout (internal/timers.js:554:17)
    at processTimers (internal/timers.js:497:7)
name: "ClusterClientNoResponseError"
pid: 79177
hostname: yangyongdeMacBook-Pro.local

2020-11-22 08:36:03,718 ERROR 79177 nodejs.ClusterClientNoResponseError: client no response in 2859975ms exceeding maxIdleTime 60000ms, maybe the connection is close on other side.
    at Timeout._onTimeout (/Users/yangyong/Desktop/me/demo/egg-step/node_modules/cluster-client/lib/leader.js:77:23)
    at listOnTimeout (internal/timers.js:554:17)
    at processTimers (internal/timers.js:497:7)
name: "ClusterClientNoResponseError"
pid: 79177
hostname: yangyongdeMacBook-Pro.local

2020-11-22 08:41:32,537 ERROR 79177 nodejs.ClusterClientNoResponseError: client no response in 228787ms exceeding maxIdleTime 60000ms, maybe the connection is close on other side.
    at Timeout._onTimeout (/Users/yangyong/Desktop/me/demo/egg-step/node_modules/cluster-client/lib/leader.js:77:23)
    at listOnTimeout (internal/timers.js:554:17)
    at processTimers (internal/timers.js:497:7)
name: "ClusterClientNoResponseError"
pid: 79177
hostname: yangyongdeMacBook-Pro.local

2020-11-22 09:17:15,706 ERROR 79177 nodejs.ClusterClientNoResponseError: client no response in 2103146ms exceeding maxIdleTime 60000ms, maybe the connection is close on other side.
    at Timeout._onTimeout (/Users/yangyong/Desktop/me/demo/egg-step/node_modules/cluster-client/lib/leader.js:77:23)
    at listOnTimeout (internal/timers.js:554:17)
    at processTimers (internal/timers.js:497:7)
name: "ClusterClientNoResponseError"
pid: 79177
hostname: yangyongdeMacBook-Pro.local

2020-11-22 11:05:23,706 ERROR 79177 nodejs.ClusterClientNoResponseError: client no response in 6447976ms exceeding maxIdleTime 60000ms, maybe the connection is close on other side.
    at Timeout._onTimeout (/Users/yangyong/Desktop/me/demo/egg-step/node_modules/cluster-client/lib/leader.js:77:23)
    at listOnTimeout (internal/timers.js:554:17)
    at processTimers (internal/timers.js:497:7)
name: "ClusterClientNoResponseError"
pid: 79177
hostname: yangyongdeMacBook-Pro.local

2020-11-22 11:14:43,919 ERROR 79177 nodejs.ClusterClientNoResponseError: client no response in 520223ms exceeding maxIdleTime 60000ms, maybe the connection is close on other side.
    at Timeout._onTimeout (/Users/yangyong/Desktop/me/demo/egg-step/node_modules/cluster-client/lib/leader.js:77:23)
    at listOnTimeout (internal/timers.js:554:17)
    at processTimers (internal/timers.js:497:7)
name: "ClusterClientNoResponseError"
pid: 79177
hostname: yangyongdeMacBook-Pro.local

2020-11-22 12:36:18,971 ERROR 79177 nodejs.ClusterClientNoResponseError: client no response in 534364ms exceeding maxIdleTime 60000ms, maybe the connection is close on other side.
    at Timeout._onTimeout (/Users/yangyong/Desktop/me/demo/egg-step/node_modules/cluster-client/lib/leader.js:77:23)
    at listOnTimeout (internal/timers.js:554:17)
    at processTimers (internal/timers.js:497:7)
name: "ClusterClientNoResponseError"
pid: 79177
hostname: yangyongdeMacBook-Pro.local

2020-11-22 14:02:50,319 ERROR 79177 nodejs.ClusterClientNoResponseError: client no response in 830109ms exceeding maxIdleTime 60000ms, maybe the connection is close on other side.
    at Timeout._onTimeout (/Users/yangyong/Desktop/me/demo/egg-step/node_modules/cluster-client/lib/leader.js:77:23)
    at listOnTimeout (internal/timers.js:554:17)
    at processTimers (internal/timers.js:497:7)
name: "ClusterClientNoResponseError"
pid: 79177
hostname: yangyongdeMacBook-Pro.local

2020-11-22 15:32:51,448 ERROR 82560 nodejs.ClusterClientNoResponseError: client no response in 3706150ms exceeding maxIdleTime 60000ms, maybe the connection is close on other side.
    at Timeout._onTimeout (/Users/yangyong/Desktop/me/demo/egg-step/node_modules/cluster-client/lib/leader.js:77:23)
    at listOnTimeout (internal/timers.js:554:17)
    at processTimers (internal/timers.js:497:7)
name: "ClusterClientNoResponseError"
pid: 82560
hostname: yangyongdeMacBook-Pro.local

