2020-11-22 00:43:11,701 INFO 79178 [egg-logrotator] app logger reload: got log-reload message
2020-11-22 00:59:07,056 WARN 79178 [TCPBase] socket is closed by other side while there were still unhandled data in the socket buffer
2020-11-22 00:59:07,057 WARN 79178 [ClusterClient:Watcher] follower closed, and try to init it again
2020-11-22 01:09:56,078 WARN 79178 [ClusterClient:Watcher] follower closed, and try to init it again
2020-11-22 01:42:56,824 WARN 79178 [TCPBase] socket is closed by other side while there were still unhandled data in the socket buffer
2020-11-22 01:42:56,825 WARN 79178 [ClusterClient:Watcher] follower closed, and try to init it again
2020-11-22 02:16:00,820 WARN 79178 [ClusterClient:Watcher] follower closed, and try to init it again
2020-11-22 03:34:23,812 WARN 79178 [TCPBase] socket is closed by other side while there were still unhandled data in the socket buffer
2020-11-22 03:34:23,812 WARN 79178 [ClusterClient:Watcher] follower closed, and try to init it again
2020-11-22 05:22:31,789 WARN 79178 [TCPBase] socket is closed by other side while there were still unhandled data in the socket buffer
2020-11-22 05:22:31,789 WARN 79178 [ClusterClient:Watcher] follower closed, and try to init it again
2020-11-22 05:22:31,799 INFO 79178 [-/127.0.0.1/-/1ms SCHEDULE /__schedule?path=/Users/yangyong/Desktop/me/demo/egg-step/node_modules/egg-multipart/app/schedule/clean_tmpdir.js&type=worker&cron=0%2030%204%20*%20*%20*&immediate=false] [egg-multipart:CleanTmpdir] start clean tmpdir: "/var/folders/gg/668pkzts48sg0sk32qj0_xdm0000gn/T/egg-multipart-tmp/egg-step"
2020-11-22 05:22:31,815 INFO 79178 [-/127.0.0.1/-/18ms SCHEDULE /__schedule?path=/Users/yangyong/Desktop/me/demo/egg-step/node_modules/egg-multipart/app/schedule/clean_tmpdir.js&type=worker&cron=0%2030%204%20*%20*%20*&immediate=false] [egg-multipart:CleanTmpdir] end
2020-11-22 06:29:14,760 WARN 79178 [TCPBase] socket is closed by other side while there were still unhandled data in the socket buffer
2020-11-22 06:29:14,760 WARN 79178 [ClusterClient:Watcher] follower closed, and try to init it again
2020-11-22 06:36:06,794 WARN 79178 [TCPBase] socket is closed by other side while there were still unhandled data in the socket buffer
2020-11-22 06:36:06,794 WARN 79178 [ClusterClient:Watcher] follower closed, and try to init it again
2020-11-22 07:09:10,737 WARN 79178 [TCPBase] socket is closed by other side while there were still unhandled data in the socket buffer
2020-11-22 07:09:10,738 WARN 79178 [ClusterClient:Watcher] follower closed, and try to init it again
2020-11-22 07:47:43,730 WARN 79178 [TCPBase] socket is closed by other side while there were still unhandled data in the socket buffer
2020-11-22 07:47:43,730 WARN 79178 [ClusterClient:Watcher] follower closed, and try to init it again
2020-11-22 08:36:03,716 WARN 79178 [TCPBase] socket is closed by other side while there were still unhandled data in the socket buffer
2020-11-22 08:36:03,717 WARN 79178 [ClusterClient:Watcher] follower closed, and try to init it again
2020-11-22 08:41:32,536 WARN 79178 [TCPBase] socket is closed by other side while there were still unhandled data in the socket buffer
2020-11-22 08:41:32,536 WARN 79178 [ClusterClient:Watcher] follower closed, and try to init it again
2020-11-22 09:17:15,707 WARN 79178 [TCPBase] socket is closed by other side while there were still unhandled data in the socket buffer
2020-11-22 09:17:15,708 WARN 79178 [ClusterClient:Watcher] follower closed, and try to init it again
2020-11-22 11:05:23,705 WARN 79178 [TCPBase] socket is closed by other side while there were still unhandled data in the socket buffer
2020-11-22 11:05:23,706 WARN 79178 [ClusterClient:Watcher] follower closed, and try to init it again
2020-11-22 11:14:43,919 WARN 79178 [ClusterClient:Watcher] follower closed, and try to init it again
2020-11-22 12:36:18,971 WARN 79178 [TCPBase] socket is closed by other side while there were still unhandled data in the socket buffer
2020-11-22 12:36:18,971 WARN 79178 [ClusterClient:Watcher] follower closed, and try to init it again
2020-11-22 14:02:50,317 WARN 79178 [TCPBase] socket is closed by other side while there were still unhandled data in the socket buffer
2020-11-22 14:02:50,318 WARN 79178 [ClusterClient:Watcher] follower closed, and try to init it again
2020-11-22 14:08:39,675 INFO 82509 [egg:logger] init all loggers with options: {"dir":"/Users/yangyong/Desktop/me/demo/egg-step/logs/egg-step","encoding":"utf8","env":"local","level":"INFO","consoleLevel":"INFO","disableConsoleAfterReady":false,"outputJSON":false,"buffer":true,"appLogName":"egg-step-web.log","coreLogName":"egg-web.log","agentLogName":"egg-agent.log","errorLogName":"common-error.log","coreLogger":{"consoleLevel":"WARN"},"allowDebugAtProd":false,"type":"application"}
2020-11-22 14:08:39,694 INFO 82509 [egg-multipart] file mode enable
2020-11-22 14:08:39,694 INFO 82509 [egg-multipart] will save temporary files to "/var/folders/gg/668pkzts48sg0sk32qj0_xdm0000gn/T/egg-multipart-tmp/egg-step", cleanup job cron: "0 30 4 * * *"
2020-11-22 14:08:39,807 INFO 82509 [egg-static] starting static serve /public/ -> /Users/yangyong/Desktop/me/demo/egg-step/app/public
2020-11-22 14:08:39,808 INFO 82509 [egg-security] use methodnoallow middleware
2020-11-22 14:08:39,809 INFO 82509 [egg-security] use noopen middleware
2020-11-22 14:08:39,809 INFO 82509 [egg-security] use nosniff middleware
2020-11-22 14:08:39,810 INFO 82509 [egg-security] use xssProtection middleware
2020-11-22 14:08:39,811 INFO 82509 [egg-security] use xframe middleware
2020-11-22 14:08:39,811 INFO 82509 [egg-security] use dta middleware
2020-11-22 14:08:39,811 INFO 82509 [egg-security] compose 6 middlewares into one security middleware
2020-11-22 14:08:39,817 WARN 82509 [egg-jsonp] SECURITY WARNING!! csrf check and referrer check are both closed!
2020-11-22 14:08:39,822 INFO 82509 [egg:core] dump config after load, 4ms
2020-11-22 14:08:39,832 INFO 82509 [egg-watcher:application] watcher start success
2020-11-22 14:08:39,838 INFO 82509 [egg:core] dump config after ready, 4ms
2020-11-22 14:09:04,079 INFO 82561 [egg:logger] init all loggers with options: {"dir":"/Users/yangyong/Desktop/me/demo/egg-step/logs/egg-step","encoding":"utf8","env":"local","level":"INFO","consoleLevel":"INFO","disableConsoleAfterReady":false,"outputJSON":false,"buffer":true,"appLogName":"egg-step-web.log","coreLogName":"egg-web.log","agentLogName":"egg-agent.log","errorLogName":"common-error.log","coreLogger":{"consoleLevel":"WARN"},"allowDebugAtProd":false,"type":"application"}
2020-11-22 14:09:04,094 INFO 82561 [egg-multipart] file mode enable
2020-11-22 14:09:04,094 INFO 82561 [egg-multipart] will save temporary files to "/var/folders/gg/668pkzts48sg0sk32qj0_xdm0000gn/T/egg-multipart-tmp/egg-step", cleanup job cron: "0 30 4 * * *"
2020-11-22 14:09:04,151 INFO 82561 [egg-static] starting static serve /public/ -> /Users/yangyong/Desktop/me/demo/egg-step/app/public
2020-11-22 14:09:04,152 INFO 82561 [egg-security] use methodnoallow middleware
2020-11-22 14:09:04,153 INFO 82561 [egg-security] use noopen middleware
2020-11-22 14:09:04,153 INFO 82561 [egg-security] use nosniff middleware
2020-11-22 14:09:04,153 INFO 82561 [egg-security] use xssProtection middleware
2020-11-22 14:09:04,154 INFO 82561 [egg-security] use xframe middleware
2020-11-22 14:09:04,154 INFO 82561 [egg-security] use dta middleware
2020-11-22 14:09:04,154 INFO 82561 [egg-security] compose 6 middlewares into one security middleware
2020-11-22 14:09:04,157 WARN 82561 [egg-jsonp] SECURITY WARNING!! csrf check and referrer check are both closed!
2020-11-22 14:09:04,163 INFO 82561 [egg:core] dump config after load, 4ms
2020-11-22 14:09:04,174 INFO 82561 [egg-watcher:application] watcher start success
2020-11-22 14:09:04,181 INFO 82561 [egg:core] dump config after ready, 5ms
2020-11-22 14:11:05,637 INFO 82604 [egg:logger] init all loggers with options: {"dir":"/Users/yangyong/Desktop/me/demo/egg-step/logs/egg-step","encoding":"utf8","env":"local","level":"INFO","consoleLevel":"INFO","disableConsoleAfterReady":false,"outputJSON":false,"buffer":true,"appLogName":"egg-step-web.log","coreLogName":"egg-web.log","agentLogName":"egg-agent.log","errorLogName":"common-error.log","coreLogger":{"consoleLevel":"WARN"},"allowDebugAtProd":false,"type":"application"}
2020-11-22 14:11:05,653 INFO 82604 [egg-multipart] file mode enable
2020-11-22 14:11:05,653 INFO 82604 [egg-multipart] will save temporary files to "/var/folders/gg/668pkzts48sg0sk32qj0_xdm0000gn/T/egg-multipart-tmp/egg-step", cleanup job cron: "0 30 4 * * *"
2020-11-22 14:11:05,701 INFO 82604 [egg-static] starting static serve /public/ -> /Users/yangyong/Desktop/me/demo/egg-step/app/public
2020-11-22 14:11:05,702 INFO 82604 [egg-security] use methodnoallow middleware
2020-11-22 14:11:05,702 INFO 82604 [egg-security] use noopen middleware
2020-11-22 14:11:05,703 INFO 82604 [egg-security] use nosniff middleware
2020-11-22 14:11:05,703 INFO 82604 [egg-security] use xssProtection middleware
2020-11-22 14:11:05,703 INFO 82604 [egg-security] use xframe middleware
2020-11-22 14:11:05,703 INFO 82604 [egg-security] use dta middleware
2020-11-22 14:11:05,703 INFO 82604 [egg-security] compose 6 middlewares into one security middleware
2020-11-22 14:11:05,706 WARN 82604 [egg-jsonp] SECURITY WARNING!! csrf check and referrer check are both closed!
2020-11-22 14:11:05,710 INFO 82604 [egg:core] dump config after load, 3ms
2020-11-22 14:11:05,717 INFO 82604 [egg-watcher:application] watcher start success
2020-11-22 14:11:05,722 INFO 82604 [egg:core] dump config after ready, 3ms
2020-11-22 14:11:17,338 INFO 82636 [egg:logger] init all loggers with options: {"dir":"/Users/yangyong/Desktop/me/demo/egg-step/logs/egg-step","encoding":"utf8","env":"local","level":"INFO","consoleLevel":"INFO","disableConsoleAfterReady":false,"outputJSON":false,"buffer":true,"appLogName":"egg-step-web.log","coreLogName":"egg-web.log","agentLogName":"egg-agent.log","errorLogName":"common-error.log","coreLogger":{"consoleLevel":"WARN"},"allowDebugAtProd":false,"type":"application"}
2020-11-22 14:11:17,353 INFO 82636 [egg-multipart] file mode enable
2020-11-22 14:11:17,353 INFO 82636 [egg-multipart] will save temporary files to "/var/folders/gg/668pkzts48sg0sk32qj0_xdm0000gn/T/egg-multipart-tmp/egg-step", cleanup job cron: "0 30 4 * * *"
2020-11-22 14:11:17,397 INFO 82636 [egg-static] starting static serve /public/ -> /Users/yangyong/Desktop/me/demo/egg-step/app/public
2020-11-22 14:11:17,398 INFO 82636 [egg-security] use methodnoallow middleware
2020-11-22 14:11:17,399 INFO 82636 [egg-security] use noopen middleware
2020-11-22 14:11:17,399 INFO 82636 [egg-security] use nosniff middleware
2020-11-22 14:11:17,399 INFO 82636 [egg-security] use xssProtection middleware
2020-11-22 14:11:17,399 INFO 82636 [egg-security] use xframe middleware
2020-11-22 14:11:17,400 INFO 82636 [egg-security] use dta middleware
2020-11-22 14:11:17,400 INFO 82636 [egg-security] compose 6 middlewares into one security middleware
2020-11-22 14:11:17,402 WARN 82636 [egg-jsonp] SECURITY WARNING!! csrf check and referrer check are both closed!
2020-11-22 14:11:17,406 INFO 82636 [egg:core] dump config after load, 3ms
2020-11-22 14:11:17,413 INFO 82636 [egg-watcher:application] watcher start success
2020-11-22 14:11:17,417 INFO 82636 [egg:core] dump config after ready, 3ms
2020-11-22 14:11:25,027 INFO 82650 [egg:logger] init all loggers with options: {"dir":"/Users/yangyong/Desktop/me/demo/egg-step/logs/egg-step","encoding":"utf8","env":"local","level":"INFO","consoleLevel":"INFO","disableConsoleAfterReady":false,"outputJSON":false,"buffer":true,"appLogName":"egg-step-web.log","coreLogName":"egg-web.log","agentLogName":"egg-agent.log","errorLogName":"common-error.log","coreLogger":{"consoleLevel":"WARN"},"allowDebugAtProd":false,"type":"application"}
2020-11-22 14:11:25,049 INFO 82650 [egg-multipart] file mode enable
2020-11-22 14:11:25,049 INFO 82650 [egg-multipart] will save temporary files to "/var/folders/gg/668pkzts48sg0sk32qj0_xdm0000gn/T/egg-multipart-tmp/egg-step", cleanup job cron: "0 30 4 * * *"
2020-11-22 14:11:25,101 INFO 82650 [egg-static] starting static serve /public/ -> /Users/yangyong/Desktop/me/demo/egg-step/app/public
2020-11-22 14:11:25,103 INFO 82650 [egg-security] use methodnoallow middleware
2020-11-22 14:11:25,103 INFO 82650 [egg-security] use noopen middleware
2020-11-22 14:11:25,103 INFO 82650 [egg-security] use nosniff middleware
2020-11-22 14:11:25,104 INFO 82650 [egg-security] use xssProtection middleware
2020-11-22 14:11:25,104 INFO 82650 [egg-security] use xframe middleware
2020-11-22 14:11:25,104 INFO 82650 [egg-security] use dta middleware
2020-11-22 14:11:25,104 INFO 82650 [egg-security] compose 6 middlewares into one security middleware
2020-11-22 14:11:25,107 WARN 82650 [egg-jsonp] SECURITY WARNING!! csrf check and referrer check are both closed!
2020-11-22 14:11:25,112 INFO 82650 [egg:core] dump config after load, 4ms
2020-11-22 14:11:25,120 INFO 82650 [egg-watcher:application] watcher start success
2020-11-22 14:11:25,125 INFO 82650 [egg:core] dump config after ready, 4ms
2020-11-22 15:32:51,446 WARN 82650 [TCPBase] socket is closed by other side while there were still unhandled data in the socket buffer
2020-11-22 15:32:51,447 WARN 82650 [ClusterClient:Watcher] follower closed, and try to init it again
