2020-11-22 05:22:31,797 INFO 79178 [Job#16059937517884694685006668791] /Users/yangyong/Desktop/me/demo/egg-step/node_modules/egg-multipart/app/schedule/clean_tmpdir.js executing by app
2020-11-22 05:22:31,815 INFO 79178 [Job#16059937517884694685006668791] /Users/yangyong/Desktop/me/demo/egg-step/node_modules/egg-multipart/app/schedule/clean_tmpdir.js execute succeed, used 18ms. 
2020-11-22 05:22:31,806 INFO 79177 [Timer] /Users/yangyong/Desktop/me/demo/egg-step/node_modules/egg-multipart/app/schedule/clean_tmpdir.js next time will execute after 83248212ms at 2020-11-23 04:30:00.018
2020-11-22 14:08:39,842 INFO 82507 [Timer] /Users/yangyong/Desktop/me/demo/egg-step/node_modules/egg-multipart/app/schedule/clean_tmpdir.js next time will execute after 51680160ms at 2020-11-23 04:30:00.002
2020-11-22 14:08:39,842 INFO 82507 [Timer] /Users/yangyong/Desktop/me/demo/egg-step/node_modules/egg-logrotator/app/schedule/clean_log.js next time will execute after 35480158ms at 2020-11-23 00:00:00.000
2020-11-22 14:08:39,843 INFO 82507 [Timer] /Users/yangyong/Desktop/me/demo/egg-step/node_modules/egg-logrotator/app/schedule/rotate_by_file.js next time will execute after 35481157ms at 2020-11-23 00:00:01.000
2020-11-22 14:08:39,694 INFO 82509 [egg-schedule]: register schedule /Users/yangyong/Desktop/me/demo/egg-step/node_modules/egg-multipart/app/schedule/clean_tmpdir.js
2020-11-22 14:08:39,694 INFO 82509 [egg-schedule]: register schedule /Users/yangyong/Desktop/me/demo/egg-step/node_modules/egg-logrotator/app/schedule/clean_log.js
2020-11-22 14:08:39,694 INFO 82509 [egg-schedule]: register schedule /Users/yangyong/Desktop/me/demo/egg-step/node_modules/egg-logrotator/app/schedule/rotate_by_file.js
2020-11-22 14:09:04,185 INFO 82560 [Timer] /Users/yangyong/Desktop/me/demo/egg-step/node_modules/egg-multipart/app/schedule/clean_tmpdir.js next time will execute after 51655817ms at 2020-11-23 04:30:00.002
2020-11-22 14:09:04,186 INFO 82560 [Timer] /Users/yangyong/Desktop/me/demo/egg-step/node_modules/egg-logrotator/app/schedule/clean_log.js next time will execute after 35455815ms at 2020-11-23 00:00:00.001
2020-11-22 14:09:04,186 INFO 82560 [Timer] /Users/yangyong/Desktop/me/demo/egg-step/node_modules/egg-logrotator/app/schedule/rotate_by_file.js next time will execute after 35456814ms at 2020-11-23 00:00:01.000
2020-11-22 14:09:04,093 INFO 82561 [egg-schedule]: register schedule /Users/yangyong/Desktop/me/demo/egg-step/node_modules/egg-multipart/app/schedule/clean_tmpdir.js
2020-11-22 14:09:04,093 INFO 82561 [egg-schedule]: register schedule /Users/yangyong/Desktop/me/demo/egg-step/node_modules/egg-logrotator/app/schedule/clean_log.js
2020-11-22 14:09:04,093 INFO 82561 [egg-schedule]: register schedule /Users/yangyong/Desktop/me/demo/egg-step/node_modules/egg-logrotator/app/schedule/rotate_by_file.js
2020-11-22 14:11:05,653 INFO 82604 [egg-schedule]: register schedule /Users/yangyong/Desktop/me/demo/egg-step/node_modules/egg-multipart/app/schedule/clean_tmpdir.js
2020-11-22 14:11:05,653 INFO 82604 [egg-schedule]: register schedule /Users/yangyong/Desktop/me/demo/egg-step/node_modules/egg-logrotator/app/schedule/clean_log.js
2020-11-22 14:11:05,653 INFO 82604 [egg-schedule]: register schedule /Users/yangyong/Desktop/me/demo/egg-step/node_modules/egg-logrotator/app/schedule/rotate_by_file.js
2020-11-22 14:11:17,352 INFO 82636 [egg-schedule]: register schedule /Users/yangyong/Desktop/me/demo/egg-step/node_modules/egg-multipart/app/schedule/clean_tmpdir.js
2020-11-22 14:11:17,353 INFO 82636 [egg-schedule]: register schedule /Users/yangyong/Desktop/me/demo/egg-step/node_modules/egg-logrotator/app/schedule/clean_log.js
2020-11-22 14:11:17,353 INFO 82636 [egg-schedule]: register schedule /Users/yangyong/Desktop/me/demo/egg-step/node_modules/egg-logrotator/app/schedule/rotate_by_file.js
2020-11-22 14:11:25,048 INFO 82650 [egg-schedule]: register schedule /Users/yangyong/Desktop/me/demo/egg-step/node_modules/egg-multipart/app/schedule/clean_tmpdir.js
2020-11-22 14:11:25,048 INFO 82650 [egg-schedule]: register schedule /Users/yangyong/Desktop/me/demo/egg-step/node_modules/egg-logrotator/app/schedule/clean_log.js
2020-11-22 14:11:25,049 INFO 82650 [egg-schedule]: register schedule /Users/yangyong/Desktop/me/demo/egg-step/node_modules/egg-logrotator/app/schedule/rotate_by_file.js
